<?xml version="1.0" encoding="UTF-8" standalone="no"?>
<testsuite failures="5" name="cucumber.runtime.formatter.JUnitFormatter" skipped="0" tests="7" time="98.747168">
    <testcase classname="Navigation Bar" name="View Navigation Bar" time="9.618648">
        <failure
                message="org.openqa.selenium.NoSuchWindowException: no such window: target window already closed&#10;from unknown error: web view not found&#10;  (Session info: chrome=64.0.3282.140)&#10;  (Driver info: chromedriver=2.30.477700 (0057494ad8732195794a7b32078424f92a5fce41),platform=Windows NT 10.0.16299 x86_64) (WARNING: The server did not provide any stacktrace information)&#10;Command duration or timeout: 0 milliseconds&#10;Build info: version: '3.7.1', revision: '8a0099a', time: '2017-11-06T21:01:39.354Z'&#10;System info: host: 'DESKTOP-CPRP8AS', ip: '172.30.238.49', os.name: 'Windows 10', os.arch: 'amd64', os.version: '10.0', java.version: '1.8.0_131'&#10;Driver info: org.openqa.selenium.chrome.ChromeDriver&#10;Capabilities {acceptSslCerts: true, applicationCacheEnabled: false, browserConnectionEnabled: false, browserName: chrome, chrome: {chromedriverVersion: 2.30.477700 (0057494ad87321..., userDataDir: C:\Users\piotr\AppData\Loca...}, cssSelectorsEnabled: true, databaseEnabled: false, handlesAlerts: true, hasTouchScreen: false, javascriptEnabled: true, locationContextEnabled: true, mobileEmulationEnabled: false, nativeEvents: true, networkConnectionEnabled: false, pageLoadStrategy: normal, platform: XP, platformName: XP, rotatable: false, takesHeapSnapshot: true, takesScreenshot: true, unexpectedAlertBehaviour: , unhandledPromptBehavior: , version: 64.0.3282.140, webStorageEnabled: true}&#10;Session ID: 466be263c37fbc8e811374f42ed827cf&#10;*** Element info: {Using=id, value=username}&#13;&#10;&#9;at sun.reflect.NativeConstructorAccessorImpl.newInstance0(Native Method)&#13;&#10;&#9;at sun.reflect.NativeConstructorAccessorImpl.newInstance(NativeConstructorAccessorImpl.java:62)&#13;&#10;&#9;at sun.reflect.DelegatingConstructorAccessorImpl.newInstance(DelegatingConstructorAccessorImpl.java:45)&#13;&#10;&#9;at java.lang.reflect.Constructor.newInstance(Constructor.java:423)&#13;&#10;&#9;at org.openqa.selenium.remote.ErrorHandler.createThrowable(ErrorHandler.java:214)&#13;&#10;&#9;at org.openqa.selenium.remote.ErrorHandler.throwIfResponseFailed(ErrorHandler.java:166)&#13;&#10;&#9;at org.openqa.selenium.remote.http.JsonHttpResponseCodec.reconstructValue(JsonHttpResponseCodec.java:40)&#13;&#10;&#9;at org.openqa.selenium.remote.http.AbstractHttpResponseCodec.decode(AbstractHttpResponseCodec.java:80)&#13;&#10;&#9;at org.openqa.selenium.remote.http.AbstractHttpResponseCodec.decode(AbstractHttpResponseCodec.java:44)&#13;&#10;&#9;at org.openqa.selenium.remote.HttpCommandExecutor.execute(HttpCommandExecutor.java:164)&#13;&#10;&#9;at org.openqa.selenium.remote.service.DriverCommandExecutor.execute(DriverCommandExecutor.java:83)&#13;&#10;&#9;at org.openqa.selenium.remote.RemoteWebDriver.execute(RemoteWebDriver.java:600)&#13;&#10;&#9;at org.openqa.selenium.remote.RemoteWebDriver.findElement(RemoteWebDriver.java:370)&#13;&#10;&#9;at org.openqa.selenium.remote.RemoteWebDriver.findElementById(RemoteWebDriver.java:416)&#13;&#10;&#9;at org.openqa.selenium.By$ById.findElement(By.java:218)&#13;&#10;&#9;at org.openqa.selenium.remote.RemoteWebDriver.findElement(RemoteWebDriver.java:362)&#13;&#10;&#9;at com.framework.ui.controls.Control.element(Control.java:75)&#13;&#10;&#9;at com.framework.ui.controls.Edit.setText(Edit.java:22)&#13;&#10;&#9;at com.steps.Hooks.beforeScenario(Hooks.java:59)&#13;&#10;&#9;at sun.reflect.NativeMethodAccessorImpl.invoke0(Native Method)&#13;&#10;&#9;at sun.reflect.NativeMethodAccessorImpl.invoke(NativeMethodAccessorImpl.java:62)&#13;&#10;&#9;at sun.reflect.DelegatingMethodAccessorImpl.invoke(DelegatingMethodAccessorImpl.java:43)&#13;&#10;&#9;at java.lang.reflect.Method.invoke(Method.java:498)&#13;&#10;&#9;at cucumber.runtime.Utils$1.call(Utils.java:40)&#13;&#10;&#9;at cucumber.runtime.Timeout.timeout(Timeout.java:16)&#13;&#10;&#9;at cucumber.runtime.Utils.invoke(Utils.java:34)&#13;&#10;&#9;at cucumber.runtime.java.JavaHookDefinition.execute(JavaHookDefinition.java:60)&#13;&#10;&#9;at cucumber.runtime.Runtime.runHookIfTagsMatch(Runtime.java:224)&#13;&#10;&#9;at cucumber.runtime.Runtime.runHooks(Runtime.java:212)&#13;&#10;&#9;at cucumber.runtime.Runtime.runBeforeHooks(Runtime.java:202)&#13;&#10;&#9;at cucumber.runtime.model.CucumberScenario.run(CucumberScenario.java:40)&#13;&#10;&#9;at cucumber.runtime.junit.ExecutionUnitRunner.run(ExecutionUnitRunner.java:102)&#13;&#10;&#9;at cucumber.runtime.junit.FeatureRunner.runChild(FeatureRunner.java:63)&#13;&#10;&#9;at cucumber.runtime.junit.FeatureRunner.runChild(FeatureRunner.java:18)&#13;&#10;&#9;at org.junit.runners.ParentRunner$3.run(ParentRunner.java:290)&#13;&#10;&#9;at org.junit.runners.ParentRunner$1.schedule(ParentRunner.java:71)&#13;&#10;&#9;at org.junit.runners.ParentRunner.runChildren(ParentRunner.java:288)&#13;&#10;&#9;at org.junit.runners.ParentRunner.access$000(ParentRunner.java:58)&#13;&#10;&#9;at org.junit.runners.ParentRunner$2.evaluate(ParentRunner.java:268)&#13;&#10;&#9;at org.junit.runners.ParentRunner.run(ParentRunner.java:363)&#13;&#10;&#9;at cucumber.runtime.junit.FeatureRunner.run(FeatureRunner.java:70)&#13;&#10;&#9;at cucumber.api.junit.Cucumber.runChild(Cucumber.java:95)&#13;&#10;&#9;at cucumber.api.junit.Cucumber.runChild(Cucumber.java:38)&#13;&#10;&#9;at org.junit.runners.ParentRunner$3.run(ParentRunner.java:290)&#13;&#10;&#9;at org.junit.runners.ParentRunner$1.schedule(ParentRunner.java:71)&#13;&#10;&#9;at org.junit.runners.ParentRunner.runChildren(ParentRunner.java:288)&#13;&#10;&#9;at org.junit.runners.ParentRunner.access$000(ParentRunner.java:58)&#13;&#10;&#9;at org.junit.runners.ParentRunner$2.evaluate(ParentRunner.java:268)&#13;&#10;&#9;at org.junit.runners.ParentRunner.run(ParentRunner.java:363)&#13;&#10;&#9;at cucumber.api.junit.Cucumber.run(Cucumber.java:100)&#13;&#10;&#9;at org.apache.maven.surefire.junit4.JUnit4Provider.execute(JUnit4Provider.java:252)&#13;&#10;&#9;at org.apache.maven.surefire.junit4.JUnit4Provider.executeTestSet(JUnit4Provider.java:141)&#13;&#10;&#9;at org.apache.maven.surefire.junit4.JUnit4Provider.invoke(JUnit4Provider.java:112)&#13;&#10;&#9;at sun.reflect.NativeMethodAccessorImpl.invoke0(Native Method)&#13;&#10;&#9;at sun.reflect.NativeMethodAccessorImpl.invoke(NativeMethodAccessorImpl.java:62)&#13;&#10;&#9;at sun.reflect.DelegatingMethodAccessorImpl.invoke(DelegatingMethodAccessorImpl.java:43)&#13;&#10;&#9;at java.lang.reflect.Method.invoke(Method.java:498)&#13;&#10;&#9;at org.apache.maven.surefire.util.ReflectionUtils.invokeMethodWithArray(ReflectionUtils.java:189)&#13;&#10;&#9;at org.apache.maven.surefire.booter.ProviderFactory$ProviderProxy.invoke(ProviderFactory.java:165)&#13;&#10;&#9;at org.apache.maven.surefire.booter.ProviderFactory.invokeProvider(ProviderFactory.java:85)&#13;&#10;&#9;at org.apache.maven.surefire.booter.ForkedBooter.runSuitesInProcess(ForkedBooter.java:115)&#13;&#10;&#9;at org.apache.maven.surefire.booter.ForkedBooter.main(ForkedBooter.java:75)&#13;&#10;">
            <![CDATA[Given the raptor application has been started...............................skipped
Then I should see the "Navigation Bar" bar..................................skipped
And the following labels are shown:.........................................skipped

StackTrace:
org.openqa.selenium.NoSuchWindowException: no such window: target window already closed
from unknown error: web view not found
  (Session info: chrome=64.0.3282.140)
  (Driver info: chromedriver=2.30.477700 (0057494ad8732195794a7b32078424f92a5fce41),platform=Windows NT 10.0.16299 x86_64) (WARNING: The server did not provide any stacktrace information)
Command duration or timeout: 0 milliseconds
Build info: version: '3.7.1', revision: '8a0099a', time: '2017-11-06T21:01:39.354Z'
System info: host: 'DESKTOP-CPRP8AS', ip: '172.30.238.49', os.name: 'Windows 10', os.arch: 'amd64', os.version: '10.0', java.version: '1.8.0_131'
Driver info: org.openqa.selenium.chrome.ChromeDriver
Capabilities {acceptSslCerts: true, applicationCacheEnabled: false, browserConnectionEnabled: false, browserName: chrome, chrome: {chromedriverVersion: 2.30.477700 (0057494ad87321..., userDataDir: C:\Users\piotr\AppData\Loca...}, cssSelectorsEnabled: true, databaseEnabled: false, handlesAlerts: true, hasTouchScreen: false, javascriptEnabled: true, locationContextEnabled: true, mobileEmulationEnabled: false, nativeEvents: true, networkConnectionEnabled: false, pageLoadStrategy: normal, platform: XP, platformName: XP, rotatable: false, takesHeapSnapshot: true, takesScreenshot: true, unexpectedAlertBehaviour: , unhandledPromptBehavior: , version: 64.0.3282.140, webStorageEnabled: true}
Session ID: 466be263c37fbc8e811374f42ed827cf
*** Element info: {Using=id, value=username}

	at sun.reflect.NativeConstructorAccessorImpl.newInstance0(Native Method)

	at sun.reflect.NativeConstructorAccessorImpl.newInstance(NativeConstructorAccessorImpl.java:62)

	at sun.reflect.DelegatingConstructorAccessorImpl.newInstance(DelegatingConstructorAccessorImpl.java:45)

	at java.lang.reflect.Constructor.newInstance(Constructor.java:423)

	at org.openqa.selenium.remote.ErrorHandler.createThrowable(ErrorHandler.java:214)

	at org.openqa.selenium.remote.ErrorHandler.throwIfResponseFailed(ErrorHandler.java:166)

	at org.openqa.selenium.remote.http.JsonHttpResponseCodec.reconstructValue(JsonHttpResponseCodec.java:40)

	at org.openqa.selenium.remote.http.AbstractHttpResponseCodec.decode(AbstractHttpResponseCodec.java:80)

	at org.openqa.selenium.remote.http.AbstractHttpResponseCodec.decode(AbstractHttpResponseCodec.java:44)

	at org.openqa.selenium.remote.HttpCommandExecutor.execute(HttpCommandExecutor.java:164)

	at org.openqa.selenium.remote.service.DriverCommandExecutor.execute(DriverCommandExecutor.java:83)

	at org.openqa.selenium.remote.RemoteWebDriver.execute(RemoteWebDriver.java:600)

	at org.openqa.selenium.remote.RemoteWebDriver.findElement(RemoteWebDriver.java:370)

	at org.openqa.selenium.remote.RemoteWebDriver.findElementById(RemoteWebDriver.java:416)

	at org.openqa.selenium.By$ById.findElement(By.java:218)

	at org.openqa.selenium.remote.RemoteWebDriver.findElement(RemoteWebDriver.java:362)

	at com.framework.ui.controls.Control.element(Control.java:75)

	at com.framework.ui.controls.Edit.setText(Edit.java:22)

	at com.steps.Hooks.beforeScenario(Hooks.java:59)

	at sun.reflect.NativeMethodAccessorImpl.invoke0(Native Method)

	at sun.reflect.NativeMethodAccessorImpl.invoke(NativeMethodAccessorImpl.java:62)

	at sun.reflect.DelegatingMethodAccessorImpl.invoke(DelegatingMethodAccessorImpl.java:43)

	at java.lang.reflect.Method.invoke(Method.java:498)

	at cucumber.runtime.Utils$1.call(Utils.java:40)

	at cucumber.runtime.Timeout.timeout(Timeout.java:16)

	at cucumber.runtime.Utils.invoke(Utils.java:34)

	at cucumber.runtime.java.JavaHookDefinition.execute(JavaHookDefinition.java:60)

	at cucumber.runtime.Runtime.runHookIfTagsMatch(Runtime.java:224)

	at cucumber.runtime.Runtime.runHooks(Runtime.java:212)

	at cucumber.runtime.Runtime.runBeforeHooks(Runtime.java:202)

	at cucumber.runtime.model.CucumberScenario.run(CucumberScenario.java:40)

	at cucumber.runtime.junit.ExecutionUnitRunner.run(ExecutionUnitRunner.java:102)

	at cucumber.runtime.junit.FeatureRunner.runChild(FeatureRunner.java:63)

	at cucumber.runtime.junit.FeatureRunner.runChild(FeatureRunner.java:18)

	at org.junit.runners.ParentRunner$3.run(ParentRunner.java:290)

	at org.junit.runners.ParentRunner$1.schedule(ParentRunner.java:71)

	at org.junit.runners.ParentRunner.runChildren(ParentRunner.java:288)

	at org.junit.runners.ParentRunner.access$000(ParentRunner.java:58)

	at org.junit.runners.ParentRunner$2.evaluate(ParentRunner.java:268)

	at org.junit.runners.ParentRunner.run(ParentRunner.java:363)

	at cucumber.runtime.junit.FeatureRunner.run(FeatureRunner.java:70)

	at cucumber.api.junit.Cucumber.runChild(Cucumber.java:95)

	at cucumber.api.junit.Cucumber.runChild(Cucumber.java:38)

	at org.junit.runners.ParentRunner$3.run(ParentRunner.java:290)

	at org.junit.runners.ParentRunner$1.schedule(ParentRunner.java:71)

	at org.junit.runners.ParentRunner.runChildren(ParentRunner.java:288)

	at org.junit.runners.ParentRunner.access$000(ParentRunner.java:58)

	at org.junit.runners.ParentRunner$2.evaluate(ParentRunner.java:268)

	at org.junit.runners.ParentRunner.run(ParentRunner.java:363)

	at cucumber.api.junit.Cucumber.run(Cucumber.java:100)

	at org.apache.maven.surefire.junit4.JUnit4Provider.execute(JUnit4Provider.java:252)

	at org.apache.maven.surefire.junit4.JUnit4Provider.executeTestSet(JUnit4Provider.java:141)

	at org.apache.maven.surefire.junit4.JUnit4Provider.invoke(JUnit4Provider.java:112)

	at sun.reflect.NativeMethodAccessorImpl.invoke0(Native Method)

	at sun.reflect.NativeMethodAccessorImpl.invoke(NativeMethodAccessorImpl.java:62)

	at sun.reflect.DelegatingMethodAccessorImpl.invoke(DelegatingMethodAccessorImpl.java:43)

	at java.lang.reflect.Method.invoke(Method.java:498)

	at org.apache.maven.surefire.util.ReflectionUtils.invokeMethodWithArray(ReflectionUtils.java:189)

	at org.apache.maven.surefire.booter.ProviderFactory$ProviderProxy.invoke(ProviderFactory.java:165)

	at org.apache.maven.surefire.booter.ProviderFactory.invokeProvider(ProviderFactory.java:85)

	at org.apache.maven.surefire.booter.ForkedBooter.runSuitesInProcess(ForkedBooter.java:115)

	at org.apache.maven.surefire.booter.ForkedBooter.main(ForkedBooter.java:75)

]]></failure>
    </testcase>
    <testcase classname="Navigation Bar" name="View Accountancy Bar" time="7.034408">
        <failure
                message="org.openqa.selenium.WebDriverException: unknown error: cannot determine loading status&#10;from disconnected: received Inspector.detached event&#10;  (Session info: chrome=64.0.3282.140)&#10;  (Driver info: chromedriver=2.30.477700 (0057494ad8732195794a7b32078424f92a5fce41),platform=Windows NT 10.0.16299 x86_64) (WARNING: The server did not provide any stacktrace information)&#10;Command duration or timeout: 0 milliseconds&#10;Build info: version: '3.7.1', revision: '8a0099a', time: '2017-11-06T21:01:39.354Z'&#10;System info: host: 'DESKTOP-CPRP8AS', ip: '172.30.238.49', os.name: 'Windows 10', os.arch: 'amd64', os.version: '10.0', java.version: '1.8.0_131'&#10;Driver info: org.openqa.selenium.chrome.ChromeDriver&#10;Capabilities {acceptSslCerts: true, applicationCacheEnabled: false, browserConnectionEnabled: false, browserName: chrome, chrome: {chromedriverVersion: 2.30.477700 (0057494ad87321..., userDataDir: C:\Users\piotr\AppData\Loca...}, cssSelectorsEnabled: true, databaseEnabled: false, handlesAlerts: true, hasTouchScreen: false, javascriptEnabled: true, locationContextEnabled: true, mobileEmulationEnabled: false, nativeEvents: true, networkConnectionEnabled: false, pageLoadStrategy: normal, platform: XP, platformName: XP, rotatable: false, takesHeapSnapshot: true, takesScreenshot: true, unexpectedAlertBehaviour: , unhandledPromptBehavior: , version: 64.0.3282.140, webStorageEnabled: true}&#10;Session ID: c39f6fdaa5e3b7e9cb1b2381d2f2f71d&#13;&#10;&#9;at sun.reflect.NativeConstructorAccessorImpl.newInstance0(Native Method)&#13;&#10;&#9;at sun.reflect.NativeConstructorAccessorImpl.newInstance(NativeConstructorAccessorImpl.java:62)&#13;&#10;&#9;at sun.reflect.DelegatingConstructorAccessorImpl.newInstance(DelegatingConstructorAccessorImpl.java:45)&#13;&#10;&#9;at java.lang.reflect.Constructor.newInstance(Constructor.java:423)&#13;&#10;&#9;at org.openqa.selenium.remote.ErrorHandler.createThrowable(ErrorHandler.java:214)&#13;&#10;&#9;at org.openqa.selenium.remote.ErrorHandler.throwIfResponseFailed(ErrorHandler.java:166)&#13;&#10;&#9;at org.openqa.selenium.remote.http.JsonHttpResponseCodec.reconstructValue(JsonHttpResponseCodec.java:40)&#13;&#10;&#9;at org.openqa.selenium.remote.http.AbstractHttpResponseCodec.decode(AbstractHttpResponseCodec.java:80)&#13;&#10;&#9;at org.openqa.selenium.remote.http.AbstractHttpResponseCodec.decode(AbstractHttpResponseCodec.java:44)&#13;&#10;&#9;at org.openqa.selenium.remote.HttpCommandExecutor.execute(HttpCommandExecutor.java:164)&#13;&#10;&#9;at org.openqa.selenium.remote.service.DriverCommandExecutor.execute(DriverCommandExecutor.java:83)&#13;&#10;&#9;at org.openqa.selenium.remote.RemoteWebDriver.execute(RemoteWebDriver.java:600)&#13;&#10;&#9;at org.openqa.selenium.remote.RemoteWebDriver.executeAsyncScript(RemoteWebDriver.java:554)&#13;&#10;&#9;at com.paulhammant.ngwebdriver.NgWebDriver.waitForAngularRequestsToFinish(NgWebDriver.java:68)&#13;&#10;&#9;at com.steps.Hooks.beforeScenario(Hooks.java:48)&#13;&#10;&#9;at sun.reflect.NativeMethodAccessorImpl.invoke0(Native Method)&#13;&#10;&#9;at sun.reflect.NativeMethodAccessorImpl.invoke(NativeMethodAccessorImpl.java:62)&#13;&#10;&#9;at sun.reflect.DelegatingMethodAccessorImpl.invoke(DelegatingMethodAccessorImpl.java:43)&#13;&#10;&#9;at java.lang.reflect.Method.invoke(Method.java:498)&#13;&#10;&#9;at cucumber.runtime.Utils$1.call(Utils.java:40)&#13;&#10;&#9;at cucumber.runtime.Timeout.timeout(Timeout.java:16)&#13;&#10;&#9;at cucumber.runtime.Utils.invoke(Utils.java:34)&#13;&#10;&#9;at cucumber.runtime.java.JavaHookDefinition.execute(JavaHookDefinition.java:60)&#13;&#10;&#9;at cucumber.runtime.Runtime.runHookIfTagsMatch(Runtime.java:224)&#13;&#10;&#9;at cucumber.runtime.Runtime.runHooks(Runtime.java:212)&#13;&#10;&#9;at cucumber.runtime.Runtime.runBeforeHooks(Runtime.java:202)&#13;&#10;&#9;at cucumber.runtime.model.CucumberScenario.run(CucumberScenario.java:40)&#13;&#10;&#9;at cucumber.runtime.junit.ExecutionUnitRunner.run(ExecutionUnitRunner.java:102)&#13;&#10;&#9;at cucumber.runtime.junit.FeatureRunner.runChild(FeatureRunner.java:63)&#13;&#10;&#9;at cucumber.runtime.junit.FeatureRunner.runChild(FeatureRunner.java:18)&#13;&#10;&#9;at org.junit.runners.ParentRunner$3.run(ParentRunner.java:290)&#13;&#10;&#9;at org.junit.runners.ParentRunner$1.schedule(ParentRunner.java:71)&#13;&#10;&#9;at org.junit.runners.ParentRunner.runChildren(ParentRunner.java:288)&#13;&#10;&#9;at org.junit.runners.ParentRunner.access$000(ParentRunner.java:58)&#13;&#10;&#9;at org.junit.runners.ParentRunner$2.evaluate(ParentRunner.java:268)&#13;&#10;&#9;at org.junit.runners.ParentRunner.run(ParentRunner.java:363)&#13;&#10;&#9;at cucumber.runtime.junit.FeatureRunner.run(FeatureRunner.java:70)&#13;&#10;&#9;at cucumber.api.junit.Cucumber.runChild(Cucumber.java:95)&#13;&#10;&#9;at cucumber.api.junit.Cucumber.runChild(Cucumber.java:38)&#13;&#10;&#9;at org.junit.runners.ParentRunner$3.run(ParentRunner.java:290)&#13;&#10;&#9;at org.junit.runners.ParentRunner$1.schedule(ParentRunner.java:71)&#13;&#10;&#9;at org.junit.runners.ParentRunner.runChildren(ParentRunner.java:288)&#13;&#10;&#9;at org.junit.runners.ParentRunner.access$000(ParentRunner.java:58)&#13;&#10;&#9;at org.junit.runners.ParentRunner$2.evaluate(ParentRunner.java:268)&#13;&#10;&#9;at org.junit.runners.ParentRunner.run(ParentRunner.java:363)&#13;&#10;&#9;at cucumber.api.junit.Cucumber.run(Cucumber.java:100)&#13;&#10;&#9;at org.apache.maven.surefire.junit4.JUnit4Provider.execute(JUnit4Provider.java:252)&#13;&#10;&#9;at org.apache.maven.surefire.junit4.JUnit4Provider.executeTestSet(JUnit4Provider.java:141)&#13;&#10;&#9;at org.apache.maven.surefire.junit4.JUnit4Provider.invoke(JUnit4Provider.java:112)&#13;&#10;&#9;at sun.reflect.NativeMethodAccessorImpl.invoke0(Native Method)&#13;&#10;&#9;at sun.reflect.NativeMethodAccessorImpl.invoke(NativeMethodAccessorImpl.java:62)&#13;&#10;&#9;at sun.reflect.DelegatingMethodAccessorImpl.invoke(DelegatingMethodAccessorImpl.java:43)&#13;&#10;&#9;at java.lang.reflect.Method.invoke(Method.java:498)&#13;&#10;&#9;at org.apache.maven.surefire.util.ReflectionUtils.invokeMethodWithArray(ReflectionUtils.java:189)&#13;&#10;&#9;at org.apache.maven.surefire.booter.ProviderFactory$ProviderProxy.invoke(ProviderFactory.java:165)&#13;&#10;&#9;at org.apache.maven.surefire.booter.ProviderFactory.invokeProvider(ProviderFactory.java:85)&#13;&#10;&#9;at org.apache.maven.surefire.booter.ForkedBooter.runSuitesInProcess(ForkedBooter.java:115)&#13;&#10;&#9;at org.apache.maven.surefire.booter.ForkedBooter.main(ForkedBooter.java:75)&#13;&#10;">
            <![CDATA[Given I am on the "Navigation Bar" page.....................................skipped
When I click on the "Accountancy" element...................................skipped
Then I should see the "Accountancy Bar" page................................skipped

StackTrace:
org.openqa.selenium.WebDriverException: unknown error: cannot determine loading status
from disconnected: received Inspector.detached event
  (Session info: chrome=64.0.3282.140)
  (Driver info: chromedriver=2.30.477700 (0057494ad8732195794a7b32078424f92a5fce41),platform=Windows NT 10.0.16299 x86_64) (WARNING: The server did not provide any stacktrace information)
Command duration or timeout: 0 milliseconds
Build info: version: '3.7.1', revision: '8a0099a', time: '2017-11-06T21:01:39.354Z'
System info: host: 'DESKTOP-CPRP8AS', ip: '172.30.238.49', os.name: 'Windows 10', os.arch: 'amd64', os.version: '10.0', java.version: '1.8.0_131'
Driver info: org.openqa.selenium.chrome.ChromeDriver
Capabilities {acceptSslCerts: true, applicationCacheEnabled: false, browserConnectionEnabled: false, browserName: chrome, chrome: {chromedriverVersion: 2.30.477700 (0057494ad87321..., userDataDir: C:\Users\piotr\AppData\Loca...}, cssSelectorsEnabled: true, databaseEnabled: false, handlesAlerts: true, hasTouchScreen: false, javascriptEnabled: true, locationContextEnabled: true, mobileEmulationEnabled: false, nativeEvents: true, networkConnectionEnabled: false, pageLoadStrategy: normal, platform: XP, platformName: XP, rotatable: false, takesHeapSnapshot: true, takesScreenshot: true, unexpectedAlertBehaviour: , unhandledPromptBehavior: , version: 64.0.3282.140, webStorageEnabled: true}
Session ID: c39f6fdaa5e3b7e9cb1b2381d2f2f71d

	at sun.reflect.NativeConstructorAccessorImpl.newInstance0(Native Method)

	at sun.reflect.NativeConstructorAccessorImpl.newInstance(NativeConstructorAccessorImpl.java:62)

	at sun.reflect.DelegatingConstructorAccessorImpl.newInstance(DelegatingConstructorAccessorImpl.java:45)

	at java.lang.reflect.Constructor.newInstance(Constructor.java:423)

	at org.openqa.selenium.remote.ErrorHandler.createThrowable(ErrorHandler.java:214)

	at org.openqa.selenium.remote.ErrorHandler.throwIfResponseFailed(ErrorHandler.java:166)

	at org.openqa.selenium.remote.http.JsonHttpResponseCodec.reconstructValue(JsonHttpResponseCodec.java:40)

	at org.openqa.selenium.remote.http.AbstractHttpResponseCodec.decode(AbstractHttpResponseCodec.java:80)

	at org.openqa.selenium.remote.http.AbstractHttpResponseCodec.decode(AbstractHttpResponseCodec.java:44)

	at org.openqa.selenium.remote.HttpCommandExecutor.execute(HttpCommandExecutor.java:164)

	at org.openqa.selenium.remote.service.DriverCommandExecutor.execute(DriverCommandExecutor.java:83)

	at org.openqa.selenium.remote.RemoteWebDriver.execute(RemoteWebDriver.java:600)

	at org.openqa.selenium.remote.RemoteWebDriver.executeAsyncScript(RemoteWebDriver.java:554)

	at com.paulhammant.ngwebdriver.NgWebDriver.waitForAngularRequestsToFinish(NgWebDriver.java:68)

	at com.steps.Hooks.beforeScenario(Hooks.java:48)

	at sun.reflect.NativeMethodAccessorImpl.invoke0(Native Method)

	at sun.reflect.NativeMethodAccessorImpl.invoke(NativeMethodAccessorImpl.java:62)

	at sun.reflect.DelegatingMethodAccessorImpl.invoke(DelegatingMethodAccessorImpl.java:43)

	at java.lang.reflect.Method.invoke(Method.java:498)

	at cucumber.runtime.Utils$1.call(Utils.java:40)

	at cucumber.runtime.Timeout.timeout(Timeout.java:16)

	at cucumber.runtime.Utils.invoke(Utils.java:34)

	at cucumber.runtime.java.JavaHookDefinition.execute(JavaHookDefinition.java:60)

	at cucumber.runtime.Runtime.runHookIfTagsMatch(Runtime.java:224)

	at cucumber.runtime.Runtime.runHooks(Runtime.java:212)

	at cucumber.runtime.Runtime.runBeforeHooks(Runtime.java:202)

	at cucumber.runtime.model.CucumberScenario.run(CucumberScenario.java:40)

	at cucumber.runtime.junit.ExecutionUnitRunner.run(ExecutionUnitRunner.java:102)

	at cucumber.runtime.junit.FeatureRunner.runChild(FeatureRunner.java:63)

	at cucumber.runtime.junit.FeatureRunner.runChild(FeatureRunner.java:18)

	at org.junit.runners.ParentRunner$3.run(ParentRunner.java:290)

	at org.junit.runners.ParentRunner$1.schedule(ParentRunner.java:71)

	at org.junit.runners.ParentRunner.runChildren(ParentRunner.java:288)

	at org.junit.runners.ParentRunner.access$000(ParentRunner.java:58)

	at org.junit.runners.ParentRunner$2.evaluate(ParentRunner.java:268)

	at org.junit.runners.ParentRunner.run(ParentRunner.java:363)

	at cucumber.runtime.junit.FeatureRunner.run(FeatureRunner.java:70)

	at cucumber.api.junit.Cucumber.runChild(Cucumber.java:95)

	at cucumber.api.junit.Cucumber.runChild(Cucumber.java:38)

	at org.junit.runners.ParentRunner$3.run(ParentRunner.java:290)

	at org.junit.runners.ParentRunner$1.schedule(ParentRunner.java:71)

	at org.junit.runners.ParentRunner.runChildren(ParentRunner.java:288)

	at org.junit.runners.ParentRunner.access$000(ParentRunner.java:58)

	at org.junit.runners.ParentRunner$2.evaluate(ParentRunner.java:268)

	at org.junit.runners.ParentRunner.run(ParentRunner.java:363)

	at cucumber.api.junit.Cucumber.run(Cucumber.java:100)

	at org.apache.maven.surefire.junit4.JUnit4Provider.execute(JUnit4Provider.java:252)

	at org.apache.maven.surefire.junit4.JUnit4Provider.executeTestSet(JUnit4Provider.java:141)

	at org.apache.maven.surefire.junit4.JUnit4Provider.invoke(JUnit4Provider.java:112)

	at sun.reflect.NativeMethodAccessorImpl.invoke0(Native Method)

	at sun.reflect.NativeMethodAccessorImpl.invoke(NativeMethodAccessorImpl.java:62)

	at sun.reflect.DelegatingMethodAccessorImpl.invoke(DelegatingMethodAccessorImpl.java:43)

	at java.lang.reflect.Method.invoke(Method.java:498)

	at org.apache.maven.surefire.util.ReflectionUtils.invokeMethodWithArray(ReflectionUtils.java:189)

	at org.apache.maven.surefire.booter.ProviderFactory$ProviderProxy.invoke(ProviderFactory.java:165)

	at org.apache.maven.surefire.booter.ProviderFactory.invokeProvider(ProviderFactory.java:85)

	at org.apache.maven.surefire.booter.ForkedBooter.runSuitesInProcess(ForkedBooter.java:115)

	at org.apache.maven.surefire.booter.ForkedBooter.main(ForkedBooter.java:75)

]]></failure>
    </testcase>
    <testcase classname="Portfolios functionality" name="Viewing adding new agreements form" time="16.400538">
        <failure
                message="org.openqa.selenium.WebDriverException: unknown error: Element is not clickable at point (1300, 149)&#10;  (Session info: chrome=64.0.3282.140)&#10;  (Driver info: chromedriver=2.30.477700 (0057494ad8732195794a7b32078424f92a5fce41),platform=Windows NT 10.0.16299 x86_64) (WARNING: The server did not provide any stacktrace information)&#10;Command duration or timeout: 0 milliseconds&#10;Build info: version: '3.7.1', revision: '8a0099a', time: '2017-11-06T21:01:39.354Z'&#10;System info: host: 'DESKTOP-CPRP8AS', ip: '172.30.238.49', os.name: 'Windows 10', os.arch: 'amd64', os.version: '10.0', java.version: '1.8.0_131'&#10;Driver info: org.openqa.selenium.chrome.ChromeDriver&#10;Capabilities {acceptSslCerts: true, applicationCacheEnabled: false, browserConnectionEnabled: false, browserName: chrome, chrome: {chromedriverVersion: 2.30.477700 (0057494ad87321..., userDataDir: C:\Users\piotr\AppData\Loca...}, cssSelectorsEnabled: true, databaseEnabled: false, handlesAlerts: true, hasTouchScreen: false, javascriptEnabled: true, locationContextEnabled: true, mobileEmulationEnabled: false, nativeEvents: true, networkConnectionEnabled: false, pageLoadStrategy: normal, platform: XP, platformName: XP, rotatable: false, takesHeapSnapshot: true, takesScreenshot: true, unexpectedAlertBehaviour: , unhandledPromptBehavior: , version: 64.0.3282.140, webStorageEnabled: true}&#10;Session ID: c8cb157439b1d0a46b51a20bdeafa242&#13;&#10;&#9;at sun.reflect.NativeConstructorAccessorImpl.newInstance0(Native Method)&#13;&#10;&#9;at sun.reflect.NativeConstructorAccessorImpl.newInstance(NativeConstructorAccessorImpl.java:62)&#13;&#10;&#9;at sun.reflect.DelegatingConstructorAccessorImpl.newInstance(DelegatingConstructorAccessorImpl.java:45)&#13;&#10;&#9;at java.lang.reflect.Constructor.newInstance(Constructor.java:423)&#13;&#10;&#9;at org.openqa.selenium.remote.ErrorHandler.createThrowable(ErrorHandler.java:214)&#13;&#10;&#9;at org.openqa.selenium.remote.ErrorHandler.throwIfResponseFailed(ErrorHandler.java:166)&#13;&#10;&#9;at org.openqa.selenium.remote.http.JsonHttpResponseCodec.reconstructValue(JsonHttpResponseCodec.java:40)&#13;&#10;&#9;at org.openqa.selenium.remote.http.AbstractHttpResponseCodec.decode(AbstractHttpResponseCodec.java:80)&#13;&#10;&#9;at org.openqa.selenium.remote.http.AbstractHttpResponseCodec.decode(AbstractHttpResponseCodec.java:44)&#13;&#10;&#9;at org.openqa.selenium.remote.HttpCommandExecutor.execute(HttpCommandExecutor.java:164)&#13;&#10;&#9;at org.openqa.selenium.remote.service.DriverCommandExecutor.execute(DriverCommandExecutor.java:83)&#13;&#10;&#9;at org.openqa.selenium.remote.RemoteWebDriver.execute(RemoteWebDriver.java:600)&#13;&#10;&#9;at org.openqa.selenium.remote.RemoteWebElement.execute(RemoteWebElement.java:279)&#13;&#10;&#9;at org.openqa.selenium.remote.RemoteWebElement.click(RemoteWebElement.java:83)&#13;&#10;&#9;at com.framework.ui.controls.Control.click(Control.java:161)&#13;&#10;&#9;at com.steps.GenericSteps.clickOnTheButton(GenericSteps.java:86)&#13;&#10;&#9;at ✽.When I click on the &quot;Add Agreement Button&quot; element(Portfolios.feature:11)&#13;&#10;">
            <![CDATA[Given I am on the "Navigation Bar" page.....................................passed
And I click on the "Portfolios" element.....................................passed
Given I am on the "Agreements Overview" page................................passed
When I click on the "Add Agreement Button" element..........................failed
Then I should see the "Agreement Form" page.................................skipped
And I should see the "Adding Agreement Form" field is available.............skipped

StackTrace:
org.openqa.selenium.WebDriverException: unknown error: Element is not clickable at point (1300, 149)
  (Session info: chrome=64.0.3282.140)
  (Driver info: chromedriver=2.30.477700 (0057494ad8732195794a7b32078424f92a5fce41),platform=Windows NT 10.0.16299 x86_64) (WARNING: The server did not provide any stacktrace information)
Command duration or timeout: 0 milliseconds
Build info: version: '3.7.1', revision: '8a0099a', time: '2017-11-06T21:01:39.354Z'
System info: host: 'DESKTOP-CPRP8AS', ip: '172.30.238.49', os.name: 'Windows 10', os.arch: 'amd64', os.version: '10.0', java.version: '1.8.0_131'
Driver info: org.openqa.selenium.chrome.ChromeDriver
Capabilities {acceptSslCerts: true, applicationCacheEnabled: false, browserConnectionEnabled: false, browserName: chrome, chrome: {chromedriverVersion: 2.30.477700 (0057494ad87321..., userDataDir: C:\Users\piotr\AppData\Loca...}, cssSelectorsEnabled: true, databaseEnabled: false, handlesAlerts: true, hasTouchScreen: false, javascriptEnabled: true, locationContextEnabled: true, mobileEmulationEnabled: false, nativeEvents: true, networkConnectionEnabled: false, pageLoadStrategy: normal, platform: XP, platformName: XP, rotatable: false, takesHeapSnapshot: true, takesScreenshot: true, unexpectedAlertBehaviour: , unhandledPromptBehavior: , version: 64.0.3282.140, webStorageEnabled: true}
Session ID: c8cb157439b1d0a46b51a20bdeafa242

	at sun.reflect.NativeConstructorAccessorImpl.newInstance0(Native Method)

	at sun.reflect.NativeConstructorAccessorImpl.newInstance(NativeConstructorAccessorImpl.java:62)

	at sun.reflect.DelegatingConstructorAccessorImpl.newInstance(DelegatingConstructorAccessorImpl.java:45)

	at java.lang.reflect.Constructor.newInstance(Constructor.java:423)

	at org.openqa.selenium.remote.ErrorHandler.createThrowable(ErrorHandler.java:214)

	at org.openqa.selenium.remote.ErrorHandler.throwIfResponseFailed(ErrorHandler.java:166)

	at org.openqa.selenium.remote.http.JsonHttpResponseCodec.reconstructValue(JsonHttpResponseCodec.java:40)

	at org.openqa.selenium.remote.http.AbstractHttpResponseCodec.decode(AbstractHttpResponseCodec.java:80)

	at org.openqa.selenium.remote.http.AbstractHttpResponseCodec.decode(AbstractHttpResponseCodec.java:44)

	at org.openqa.selenium.remote.HttpCommandExecutor.execute(HttpCommandExecutor.java:164)

	at org.openqa.selenium.remote.service.DriverCommandExecutor.execute(DriverCommandExecutor.java:83)

	at org.openqa.selenium.remote.RemoteWebDriver.execute(RemoteWebDriver.java:600)

	at org.openqa.selenium.remote.RemoteWebElement.execute(RemoteWebElement.java:279)

	at org.openqa.selenium.remote.RemoteWebElement.click(RemoteWebElement.java:83)

	at com.framework.ui.controls.Control.click(Control.java:161)

	at com.steps.GenericSteps.clickOnTheButton(GenericSteps.java:86)

	at ✽.When I click on the "Add Agreement Button" element(Portfolios.feature:11)

]]></failure>
    </testcase>
    <testcase classname="Portfolios functionality" name="Setting new agreements form" time="15.700182">
        <failure
                message="org.openqa.selenium.WebDriverException: unknown error: Element is not clickable at point (1300, 149)&#10;  (Session info: chrome=64.0.3282.140)&#10;  (Driver info: chromedriver=2.30.477700 (0057494ad8732195794a7b32078424f92a5fce41),platform=Windows NT 10.0.16299 x86_64) (WARNING: The server did not provide any stacktrace information)&#10;Command duration or timeout: 0 milliseconds&#10;Build info: version: '3.7.1', revision: '8a0099a', time: '2017-11-06T21:01:39.354Z'&#10;System info: host: 'DESKTOP-CPRP8AS', ip: '172.30.238.49', os.name: 'Windows 10', os.arch: 'amd64', os.version: '10.0', java.version: '1.8.0_131'&#10;Driver info: org.openqa.selenium.chrome.ChromeDriver&#10;Capabilities {acceptSslCerts: true, applicationCacheEnabled: false, browserConnectionEnabled: false, browserName: chrome, chrome: {chromedriverVersion: 2.30.477700 (0057494ad87321..., userDataDir: C:\Users\piotr\AppData\Loca...}, cssSelectorsEnabled: true, databaseEnabled: false, handlesAlerts: true, hasTouchScreen: false, javascriptEnabled: true, locationContextEnabled: true, mobileEmulationEnabled: false, nativeEvents: true, networkConnectionEnabled: false, pageLoadStrategy: normal, platform: XP, platformName: XP, rotatable: false, takesHeapSnapshot: true, takesScreenshot: true, unexpectedAlertBehaviour: , unhandledPromptBehavior: , version: 64.0.3282.140, webStorageEnabled: true}&#10;Session ID: a8a509142958df494ec998a03aeaea3b&#13;&#10;&#9;at sun.reflect.NativeConstructorAccessorImpl.newInstance0(Native Method)&#13;&#10;&#9;at sun.reflect.NativeConstructorAccessorImpl.newInstance(NativeConstructorAccessorImpl.java:62)&#13;&#10;&#9;at sun.reflect.DelegatingConstructorAccessorImpl.newInstance(DelegatingConstructorAccessorImpl.java:45)&#13;&#10;&#9;at java.lang.reflect.Constructor.newInstance(Constructor.java:423)&#13;&#10;&#9;at org.openqa.selenium.remote.ErrorHandler.createThrowable(ErrorHandler.java:214)&#13;&#10;&#9;at org.openqa.selenium.remote.ErrorHandler.throwIfResponseFailed(ErrorHandler.java:166)&#13;&#10;&#9;at org.openqa.selenium.remote.http.JsonHttpResponseCodec.reconstructValue(JsonHttpResponseCodec.java:40)&#13;&#10;&#9;at org.openqa.selenium.remote.http.AbstractHttpResponseCodec.decode(AbstractHttpResponseCodec.java:80)&#13;&#10;&#9;at org.openqa.selenium.remote.http.AbstractHttpResponseCodec.decode(AbstractHttpResponseCodec.java:44)&#13;&#10;&#9;at org.openqa.selenium.remote.HttpCommandExecutor.execute(HttpCommandExecutor.java:164)&#13;&#10;&#9;at org.openqa.selenium.remote.service.DriverCommandExecutor.execute(DriverCommandExecutor.java:83)&#13;&#10;&#9;at org.openqa.selenium.remote.RemoteWebDriver.execute(RemoteWebDriver.java:600)&#13;&#10;&#9;at org.openqa.selenium.remote.RemoteWebElement.execute(RemoteWebElement.java:279)&#13;&#10;&#9;at org.openqa.selenium.remote.RemoteWebElement.click(RemoteWebElement.java:83)&#13;&#10;&#9;at com.framework.ui.controls.Control.click(Control.java:161)&#13;&#10;&#9;at com.steps.GenericSteps.clickOnTheButton(GenericSteps.java:86)&#13;&#10;&#9;at ✽.And I click on the &quot;Add Agreement Button&quot; element(Portfolios.feature:18)&#13;&#10;">
            <![CDATA[Given I am on the "Navigation Bar" page.....................................passed
And I click on the "Portfolios" element.....................................passed
Given I am on the "Agreements Overview" page................................passed
And I click on the "Add Agreement Button" element...........................failed
And I am on the "Agreement Form" page.......................................skipped
When I populate current page with the following enums:......................skipped
And I populate current page with the following dates:.......................skipped
And I populate current page with the following auto complete:...............skipped
And I populate current page with the following select list:.................skipped

StackTrace:
org.openqa.selenium.WebDriverException: unknown error: Element is not clickable at point (1300, 149)
  (Session info: chrome=64.0.3282.140)
  (Driver info: chromedriver=2.30.477700 (0057494ad8732195794a7b32078424f92a5fce41),platform=Windows NT 10.0.16299 x86_64) (WARNING: The server did not provide any stacktrace information)
Command duration or timeout: 0 milliseconds
Build info: version: '3.7.1', revision: '8a0099a', time: '2017-11-06T21:01:39.354Z'
System info: host: 'DESKTOP-CPRP8AS', ip: '172.30.238.49', os.name: 'Windows 10', os.arch: 'amd64', os.version: '10.0', java.version: '1.8.0_131'
Driver info: org.openqa.selenium.chrome.ChromeDriver
Capabilities {acceptSslCerts: true, applicationCacheEnabled: false, browserConnectionEnabled: false, browserName: chrome, chrome: {chromedriverVersion: 2.30.477700 (0057494ad87321..., userDataDir: C:\Users\piotr\AppData\Loca...}, cssSelectorsEnabled: true, databaseEnabled: false, handlesAlerts: true, hasTouchScreen: false, javascriptEnabled: true, locationContextEnabled: true, mobileEmulationEnabled: false, nativeEvents: true, networkConnectionEnabled: false, pageLoadStrategy: normal, platform: XP, platformName: XP, rotatable: false, takesHeapSnapshot: true, takesScreenshot: true, unexpectedAlertBehaviour: , unhandledPromptBehavior: , version: 64.0.3282.140, webStorageEnabled: true}
Session ID: a8a509142958df494ec998a03aeaea3b

	at sun.reflect.NativeConstructorAccessorImpl.newInstance0(Native Method)

	at sun.reflect.NativeConstructorAccessorImpl.newInstance(NativeConstructorAccessorImpl.java:62)

	at sun.reflect.DelegatingConstructorAccessorImpl.newInstance(DelegatingConstructorAccessorImpl.java:45)

	at java.lang.reflect.Constructor.newInstance(Constructor.java:423)

	at org.openqa.selenium.remote.ErrorHandler.createThrowable(ErrorHandler.java:214)

	at org.openqa.selenium.remote.ErrorHandler.throwIfResponseFailed(ErrorHandler.java:166)

	at org.openqa.selenium.remote.http.JsonHttpResponseCodec.reconstructValue(JsonHttpResponseCodec.java:40)

	at org.openqa.selenium.remote.http.AbstractHttpResponseCodec.decode(AbstractHttpResponseCodec.java:80)

	at org.openqa.selenium.remote.http.AbstractHttpResponseCodec.decode(AbstractHttpResponseCodec.java:44)

	at org.openqa.selenium.remote.HttpCommandExecutor.execute(HttpCommandExecutor.java:164)

	at org.openqa.selenium.remote.service.DriverCommandExecutor.execute(DriverCommandExecutor.java:83)

	at org.openqa.selenium.remote.RemoteWebDriver.execute(RemoteWebDriver.java:600)

	at org.openqa.selenium.remote.RemoteWebElement.execute(RemoteWebElement.java:279)

	at org.openqa.selenium.remote.RemoteWebElement.click(RemoteWebElement.java:83)

	at com.framework.ui.controls.Control.click(Control.java:161)

	at com.steps.GenericSteps.clickOnTheButton(GenericSteps.java:86)

	at ✽.And I click on the "Add Agreement Button" element(Portfolios.feature:18)

]]></failure>
    </testcase>
    <testcase classname="Portfolios functionality" name="Viewing existing portfolios" time="17.056573">
        <system-out><![CDATA[Given I am on the "Navigation Bar" page.....................................passed
And I click on the "Portfolios" element.....................................passed
Given I am on the "Portfolios Bar" page.....................................passed
When I click on the "Portfolios Overview" element...........................passed
Then I should see the "Portfolios List" page................................passed
And I should see the "Portfolios Overview List" table is not empty..........passed
]]></system-out>
    </testcase>
    <testcase classname="Portfolios functionality" name="Adding new portfolio" time="15.825669">
        <failure
                message="org.openqa.selenium.WebDriverException: unknown error: Element is not clickable at point (1273, 234)&#10;  (Session info: chrome=64.0.3282.140)&#10;  (Driver info: chromedriver=2.30.477700 (0057494ad8732195794a7b32078424f92a5fce41),platform=Windows NT 10.0.16299 x86_64) (WARNING: The server did not provide any stacktrace information)&#10;Command duration or timeout: 0 milliseconds&#10;Build info: version: '3.7.1', revision: '8a0099a', time: '2017-11-06T21:01:39.354Z'&#10;System info: host: 'DESKTOP-CPRP8AS', ip: '172.30.238.49', os.name: 'Windows 10', os.arch: 'amd64', os.version: '10.0', java.version: '1.8.0_131'&#10;Driver info: org.openqa.selenium.chrome.ChromeDriver&#10;Capabilities {acceptSslCerts: true, applicationCacheEnabled: false, browserConnectionEnabled: false, browserName: chrome, chrome: {chromedriverVersion: 2.30.477700 (0057494ad87321..., userDataDir: C:\Users\piotr\AppData\Loca...}, cssSelectorsEnabled: true, databaseEnabled: false, handlesAlerts: true, hasTouchScreen: false, javascriptEnabled: true, locationContextEnabled: true, mobileEmulationEnabled: false, nativeEvents: true, networkConnectionEnabled: false, pageLoadStrategy: normal, platform: XP, platformName: XP, rotatable: false, takesHeapSnapshot: true, takesScreenshot: true, unexpectedAlertBehaviour: , unhandledPromptBehavior: , version: 64.0.3282.140, webStorageEnabled: true}&#10;Session ID: bc33722ea3ed4d169e7db80006abe746&#13;&#10;&#9;at sun.reflect.NativeConstructorAccessorImpl.newInstance0(Native Method)&#13;&#10;&#9;at sun.reflect.NativeConstructorAccessorImpl.newInstance(NativeConstructorAccessorImpl.java:62)&#13;&#10;&#9;at sun.reflect.DelegatingConstructorAccessorImpl.newInstance(DelegatingConstructorAccessorImpl.java:45)&#13;&#10;&#9;at java.lang.reflect.Constructor.newInstance(Constructor.java:423)&#13;&#10;&#9;at org.openqa.selenium.remote.ErrorHandler.createThrowable(ErrorHandler.java:214)&#13;&#10;&#9;at org.openqa.selenium.remote.ErrorHandler.throwIfResponseFailed(ErrorHandler.java:166)&#13;&#10;&#9;at org.openqa.selenium.remote.http.JsonHttpResponseCodec.reconstructValue(JsonHttpResponseCodec.java:40)&#13;&#10;&#9;at org.openqa.selenium.remote.http.AbstractHttpResponseCodec.decode(AbstractHttpResponseCodec.java:80)&#13;&#10;&#9;at org.openqa.selenium.remote.http.AbstractHttpResponseCodec.decode(AbstractHttpResponseCodec.java:44)&#13;&#10;&#9;at org.openqa.selenium.remote.HttpCommandExecutor.execute(HttpCommandExecutor.java:164)&#13;&#10;&#9;at org.openqa.selenium.remote.service.DriverCommandExecutor.execute(DriverCommandExecutor.java:83)&#13;&#10;&#9;at org.openqa.selenium.remote.RemoteWebDriver.execute(RemoteWebDriver.java:600)&#13;&#10;&#9;at org.openqa.selenium.remote.RemoteWebElement.execute(RemoteWebElement.java:279)&#13;&#10;&#9;at org.openqa.selenium.remote.RemoteWebElement.click(RemoteWebElement.java:83)&#13;&#10;&#9;at com.framework.ui.controls.Control.click(Control.java:161)&#13;&#10;&#9;at com.steps.GenericSteps.clickOnTheButton(GenericSteps.java:86)&#13;&#10;&#9;at ✽.And I click on the &quot;Add Portfolio To Agreement&quot; element(Portfolios.feature:60)&#13;&#10;">
            <![CDATA[Given I am on the "Navigation Bar" page.....................................passed
And I click on the "Portfolios" element.....................................passed
Given I am on the "Portfolios Bar" page.....................................passed
And I click on the "Agreements" element.....................................passed
And I am on the "Agreements List" page......................................passed
And I hover over "Data Identyfier" element..................................passed
And I click on the "Add Portfolio To Agreement" element.....................failed
And I am on the "Add Portfolio" page........................................skipped
When I populate current page with the following dates:......................skipped
And I populate current page with the following select list:.................skipped
And I click on the "New Portfolio Submit" button............................skipped
Then I should see the "Portfolio Details" page..............................skipped

StackTrace:
org.openqa.selenium.WebDriverException: unknown error: Element is not clickable at point (1273, 234)
  (Session info: chrome=64.0.3282.140)
  (Driver info: chromedriver=2.30.477700 (0057494ad8732195794a7b32078424f92a5fce41),platform=Windows NT 10.0.16299 x86_64) (WARNING: The server did not provide any stacktrace information)
Command duration or timeout: 0 milliseconds
Build info: version: '3.7.1', revision: '8a0099a', time: '2017-11-06T21:01:39.354Z'
System info: host: 'DESKTOP-CPRP8AS', ip: '172.30.238.49', os.name: 'Windows 10', os.arch: 'amd64', os.version: '10.0', java.version: '1.8.0_131'
Driver info: org.openqa.selenium.chrome.ChromeDriver
Capabilities {acceptSslCerts: true, applicationCacheEnabled: false, browserConnectionEnabled: false, browserName: chrome, chrome: {chromedriverVersion: 2.30.477700 (0057494ad87321..., userDataDir: C:\Users\piotr\AppData\Loca...}, cssSelectorsEnabled: true, databaseEnabled: false, handlesAlerts: true, hasTouchScreen: false, javascriptEnabled: true, locationContextEnabled: true, mobileEmulationEnabled: false, nativeEvents: true, networkConnectionEnabled: false, pageLoadStrategy: normal, platform: XP, platformName: XP, rotatable: false, takesHeapSnapshot: true, takesScreenshot: true, unexpectedAlertBehaviour: , unhandledPromptBehavior: , version: 64.0.3282.140, webStorageEnabled: true}
Session ID: bc33722ea3ed4d169e7db80006abe746

	at sun.reflect.NativeConstructorAccessorImpl.newInstance0(Native Method)

	at sun.reflect.NativeConstructorAccessorImpl.newInstance(NativeConstructorAccessorImpl.java:62)

	at sun.reflect.DelegatingConstructorAccessorImpl.newInstance(DelegatingConstructorAccessorImpl.java:45)

	at java.lang.reflect.Constructor.newInstance(Constructor.java:423)

	at org.openqa.selenium.remote.ErrorHandler.createThrowable(ErrorHandler.java:214)

	at org.openqa.selenium.remote.ErrorHandler.throwIfResponseFailed(ErrorHandler.java:166)

	at org.openqa.selenium.remote.http.JsonHttpResponseCodec.reconstructValue(JsonHttpResponseCodec.java:40)

	at org.openqa.selenium.remote.http.AbstractHttpResponseCodec.decode(AbstractHttpResponseCodec.java:80)

	at org.openqa.selenium.remote.http.AbstractHttpResponseCodec.decode(AbstractHttpResponseCodec.java:44)

	at org.openqa.selenium.remote.HttpCommandExecutor.execute(HttpCommandExecutor.java:164)

	at org.openqa.selenium.remote.service.DriverCommandExecutor.execute(DriverCommandExecutor.java:83)

	at org.openqa.selenium.remote.RemoteWebDriver.execute(RemoteWebDriver.java:600)

	at org.openqa.selenium.remote.RemoteWebElement.execute(RemoteWebElement.java:279)

	at org.openqa.selenium.remote.RemoteWebElement.click(RemoteWebElement.java:83)

	at com.framework.ui.controls.Control.click(Control.java:161)

	at com.steps.GenericSteps.clickOnTheButton(GenericSteps.java:86)

	at ✽.And I click on the "Add Portfolio To Agreement" element(Portfolios.feature:60)

]]></failure>
    </testcase>
    <testcase classname="Tasks functionality" name="Viewing Tasks menu" time="17.11115">
        <system-out><![CDATA[Given I am on the "Navigation Bar" page.....................................passed
When I click on the "Tasks" element.........................................passed
Then I should see the "Tasks Bar" page......................................passed
]]></system-out>
    </testcase>
</testsuite>
